  64 bit Processing .\ms-rprn.idl
  ms-rprn.idl
  64 bit Processing C:\Program Files (x86)\Windows Kits\10\Include\10.0.19041.0\um\oaidl.idl
  oaidl.idl
  64 bit Processing C:\Program Files (x86)\Windows Kits\10\Include\10.0.19041.0\um\objidl.idl
  objidl.idl
  64 bit Processing C:\Program Files (x86)\Windows Kits\10\Include\10.0.19041.0\um\unknwn.idl
  unknwn.idl
  64 bit Processing C:\Program Files (x86)\Windows Kits\10\Include\10.0.19041.0\shared\wtypes.idl
  wtypes.idl
  64 bit Processing C:\Program Files (x86)\Windows Kits\10\Include\10.0.19041.0\shared\wtypesbase.idl
  wtypesbase.idl
  64 bit Processing C:\Program Files (x86)\Windows Kits\10\Include\10.0.19041.0\shared\basetsd.h
  basetsd.h
  64 bit Processing C:\Program Files (x86)\Windows Kits\10\Include\10.0.19041.0\shared\guiddef.h
  guiddef.h
  64 bit Processing C:\Program Files (x86)\Windows Kits\10\Include\10.0.19041.0\um\oaidl.acf
  oaidl.acf
  stdafx.cpp
  main.cpp
  ms-rprn_c.c
     Creating library C:\Users\ranger\osep2\csharp\101-AccessTokens\SpoolSample\x64\Release\MS-RPRN.lib and object C:\Users\ranger\osep2\csharp\101-AccessTokens\SpoolSample\x64\Release\MS-RPRN.exp
  Generating code
  14 of 15 functions (93.3%) were compiled, the rest were copied from previous compilation.
    0 functions were new in current compilation
    0 functions had inline decision re-evaluated but remain unchanged
  Finished generating code
  MS-RPRN.vcxproj -> C:\Users\ranger\osep2\csharp\101-AccessTokens\SpoolSample\x64\Release\MS-RPRN.dll
  (Post Build) Generating Data.cs for the SpoolSample project
